[0124/202552.285:ERROR:audio_rtp_receiver.cc(89)] AudioRtpReceiver::OnSetVolume: No audio channel exists.
[0124/202552.286:WARNING:used_ids.h(55)] Duplicate id found. Reassigning from 104 to 127
[0124/202552.286:WARNING:used_ids.h(55)] Duplicate id found. Reassigning from 102 to 125
[0124/202552.286:WARNING:used_ids.h(55)] Duplicate id found. Reassigning from 104 to 124
[0124/202552.286:WARNING:used_ids.h(55)] Duplicate id found. Reassigning from 106 to 123
[0124/202552.286:WARNING:used_ids.h(55)] Duplicate id found. Reassigning from 103 to 122
[0124/202552.286:WARNING:used_ids.h(55)] Duplicate id found. Reassigning from 105 to 121
[0124/202552.286:WARNING:used_ids.h(55)] Duplicate id found. Reassigning from 109 to 120
[0124/202552.286:WARNING:used_ids.h(55)] Duplicate id found. Reassigning from 1 to 14
[0124/202552.286:WARNING:used_ids.h(55)] Duplicate id found. Reassigning from 3 to 13
[0124/202552.286:WARNING:used_ids.h(55)] Duplicate id found. Reassigning from 5 to 12
[0124/202552.286:WARNING:used_ids.h(55)] Duplicate id found. Reassigning from 6 to 11
[0124/202613.140:ERROR:audio_rtp_receiver.cc(89)] AudioRtpReceiver::OnSetVolume: No audio channel exists.
[0124/202613.140:WARNING:used_ids.h(55)] Duplicate id found. Reassigning from 104 to 127
[0124/202613.140:WARNING:used_ids.h(55)] Duplicate id found. Reassigning from 102 to 125
[0124/202613.140:WARNING:used_ids.h(55)] Duplicate id found. Reassigning from 104 to 124
[0124/202613.140:WARNING:used_ids.h(55)] Duplicate id found. Reassigning from 106 to 123
[0124/202613.140:WARNING:used_ids.h(55)] Duplicate id found. Reassigning from 103 to 122
[0124/202613.140:WARNING:used_ids.h(55)] Duplicate id found. Reassigning from 105 to 121
[0124/202613.140:WARNING:used_ids.h(55)] Duplicate id found. Reassigning from 109 to 120
[0124/202613.140:WARNING:used_ids.h(55)] Duplicate id found. Reassigning from 1 to 14
[0124/202613.141:WARNING:used_ids.h(55)] Duplicate id found. Reassigning from 3 to 13
[0124/202613.141:WARNING:used_ids.h(55)] Duplicate id found. Reassigning from 5 to 12
[0124/202613.141:WARNING:used_ids.h(55)] Duplicate id found. Reassigning from 6 to 11
[0124/202637.312:ERROR:batching_media_log.cc(38)] MediaEvent: {"error":"FFmpegDemuxer: no supported streams"}
[0124/202637.312:ERROR:batching_media_log.cc(35)] MediaEvent: {"pipeline_error":14}
[0124/202637.562:ERROR:batching_media_log.cc(38)] MediaEvent: {"error":"FFmpegDemuxer: no supported streams"}
[0124/202637.562:ERROR:batching_media_log.cc(35)] MediaEvent: {"pipeline_error":14}
[0131/132710.556:ERROR:os_crypt_win.cc(92)] Failed to decrypt: Key not valid for use in specified state. (0x8009000B)
[0202/124758.319:WARNING:value_store_frontend.cc(44)] Reading mhjfbmdgcfjbbpaeojofohoefgiehjai.alarms from  failed: IO error: .../MANIFEST-000001: Unable to create sequential file (ChromeMethodBFE: 7::NewSequentialFile::1)
[0202/152730.043:WARNING:value_store_frontend.cc(44)] Reading mhjfbmdgcfjbbpaeojofohoefgiehjai.alarms from  failed: IO error: .../MANIFEST-000001: Unable to create sequential file (ChromeMethodBFE: 7::NewSequentialFile::1)
[0209/104436.515:ERROR:backend_impl.cc(1041)] Critical error found -8
[0209/104436.516:ERROR:entry_impl.cc(1076)] No file for c1030c8a
[0209/104436.516:WARNING:storage_block-inl.h(146)] Failed data load.
[0209/104436.516:WARNING:storage_block-inl.h(146)] Failed data load.
[0209/104436.516:WARNING:storage_block-inl.h(146)] Failed data load.
[0209/104436.516:WARNING:storage_block-inl.h(146)] Failed data load.
[0209/104436.516:ERROR:entry_impl.cc(1076)] No file for c1030c0e
[0209/104436.516:WARNING:storage_block-inl.h(146)] Failed data load.
[0209/104436.516:WARNING:storage_block-inl.h(146)] Failed data load.
[0209/104436.516:ERROR:entry_impl.cc(1076)] No file for c1030c8e
[0209/104436.517:WARNING:storage_block-inl.h(146)] Failed data load.
[0209/104436.517:WARNING:storage_block-inl.h(146)] Failed data load.
[0209/104436.517:WARNING:storage_block-inl.h(146)] Failed data load.
[0209/104439.441:WARNING:value_store_frontend.cc(44)] Reading mhjfbmdgcfjbbpaeojofohoefgiehjai.alarms from  failed: IO error: .../MANIFEST-000001: Unable to create sequential file (ChromeMethodBFE: 7::NewSequentialFile::1)
[0209/130809.703:WARNING:value_store_frontend.cc(44)] Reading mhjfbmdgcfjbbpaeojofohoefgiehjai.alarms from  failed: IO error: .../MANIFEST-000001: Unable to create sequential file (ChromeMethodBFE: 7::NewSequentialFile::1)
[0209/141257.377:WARNING:value_store_frontend.cc(44)] Reading mhjfbmdgcfjbbpaeojofohoefgiehjai.alarms from  failed: IO error: .../MANIFEST-000001: Unable to create sequential file (ChromeMethodBFE: 7::NewSequentialFile::1)
[0209/141257.520:WARNING:backend_impl.cc(1573)] Wrong entry address.
[0209/145623.277:WARNING:value_store_frontend.cc(44)] Reading mhjfbmdgcfjbbpaeojofohoefgiehjai.alarms from  failed: IO error: .../MANIFEST-000001: Unable to create sequential file (ChromeMethodBFE: 7::NewSequentialFile::1)
[0209/145711.842:ERROR:cache_util_win.cc(21)] Unable to move the cache: Access is denied. (0x5)
[0209/145711.845:ERROR:cache_util.cc(139)] Unable to move cache folder C:/Users/arcti/OneDrive/Dokumenter/GitHub/Crows_nest/Crows-Nest/CrowBun/Saved/webcache_4147\Cache to C:/Users/arcti/OneDrive/Dokumenter/GitHub/Crows_nest/Crows-Nest/CrowBun/Saved/webcache_4147\old_Cache_000
[0209/145711.845:ERROR:disk_cache.cc(184)] Unable to create cache
[0210/093117.593:WARNING:backend_impl.cc(1813)] Destroying invalid entry.
[0210/093117.594:ERROR:backend_impl.cc(1041)] Critical error found -8
[0210/093117.595:ERROR:entry_impl.cc(1076)] No file for c10300d0
[0210/093117.595:WARNING:storage_block-inl.h(146)] Failed data load.
[0210/093117.595:WARNING:storage_block-inl.h(146)] Failed data load.
[0210/093117.595:WARNING:storage_block-inl.h(146)] Failed data load.
[0210/093117.595:WARNING:storage_block-inl.h(146)] Failed data load.
[0210/093117.595:ERROR:entry_impl.cc(1076)] No file for c10300d2
[0210/093117.595:WARNING:storage_block-inl.h(146)] Failed data load.
[0210/093117.595:WARNING:storage_block-inl.h(146)] Failed data load.
[0210/093117.822:ERROR:entry_impl.cc(998)] Failed to save user data
[0210/093117.822:ERROR:entry_impl.cc(998)] Failed to save user data
[0210/093121.875:WARNING:value_store_frontend.cc(44)] Reading mhjfbmdgcfjbbpaeojofohoefgiehjai.alarms from  failed: IO error: .../MANIFEST-000001: Unable to create sequential file (ChromeMethodBFE: 7::NewSequentialFile::1)
[0210/100613.112:WARNING:value_store_frontend.cc(44)] Reading mhjfbmdgcfjbbpaeojofohoefgiehjai.alarms from  failed: IO error: .../MANIFEST-000001: Unable to create sequential file (ChromeMethodBFE: 7::NewSequentialFile::1)
[0210/105942.943:WARNING:value_store_frontend.cc(44)] Reading mhjfbmdgcfjbbpaeojofohoefgiehjai.alarms from  failed: IO error: .../MANIFEST-000001: Unable to create sequential file (ChromeMethodBFE: 7::NewSequentialFile::1)
